<?xml version="1.0" encoding="UTF-8"?>
<!-- Generated by org.testng.reporters.JUnitXMLReporter -->
<testsuite hostname="DESKTOP-HJ18R61" ignored="4" name="Test" tests="1" failures="0" timestamp="2023-02-04T00:46:11 IST" time="132.808" errors="0">
  <testcase name="test1" time="3.159" classname="vTiger.Organizations.Tests.CreateOrganizationsTest"/>
  <testcase name="createOrganizationTest" time="0.0" classname="vTiger.Organizations.Tests.CreateOrganizationsTest">
    <ignored/>
  </testcase> <!-- createOrganizationTest -->
  <testcase name="test2" time="0.0" classname="vTiger.Organizations.Tests.CreateOrganizationsTest">
    <ignored/>
  </testcase> <!-- test2 -->
  <testcase name="test3" time="0.0" classname="vTiger.Organizations.Tests.CreateOrganizationsTest">
    <ignored/>
  </testcase> <!-- test3 -->
  <testcase name="test4" time="0.0" classname="vTiger.Organizations.Tests.CreateOrganizationsTest">
    <ignored/>
  </testcase> <!-- test4 -->
</testsuite> <!-- Test -->
